<?xml version="1.0" encoding="UTF-8"?>
<testsuite name="Tests" tests="1" skipped="0" failures="0" errors="0" timestamp="2021-10-17T06:46:31" hostname="CHIRAG-SUTHAR" time="3.181">
  <properties/>
  <testcase name="start" classname="Tests" time="3.181"/>
  <system-out><![CDATA[?[1;31m
Start test 1?[0m

  .   ____          _            __ _ _
 /\\ / ___'_ __ _ _(_)_ __  __ _ \ \ \ \
( ( )\___ | '_ | '_| | '_ \/ _` | \ \ \ \
 \\/  ___)| |_)| | | | | || (_| |  ) ) ) )
  '  |____| .__|_| |_|_| |_\__, | / / / /
 =========|_|==============|___/=/_/_/_/
 :: Spring Boot ::        (v2.3.1.RELEASE)

2021-10-17 12:16:32.504  INFO 12508 --- [    Test worker] task.Main                                : Starting Main on Chirag-Suthar with PID 12508 (started by sutha in C:\Users\sutha\Desktop\Cinema Room REST Service\Topics\Posting and deleting data via REST\Storing user names)
2021-10-17 12:16:32.508  INFO 12508 --- [    Test worker] task.Main                                : No active profile set, falling back to default profiles: default
2021-10-17 12:16:33.897  INFO 12508 --- [    Test worker] o.s.b.w.embedded.tomcat.TomcatWebServer  : Tomcat initialized with port(s): 28852 (http)
2021-10-17 12:16:33.909  INFO 12508 --- [    Test worker] o.apache.catalina.core.StandardService   : Starting service [Tomcat]
2021-10-17 12:16:33.910  INFO 12508 --- [    Test worker] org.apache.catalina.core.StandardEngine  : Starting Servlet engine: [Apache Tomcat/9.0.36]
2021-10-17 12:16:34.052  INFO 12508 --- [    Test worker] o.a.c.c.C.[Tomcat].[localhost].[/]       : Initializing Spring embedded WebApplicationContext
2021-10-17 12:16:34.053  INFO 12508 --- [    Test worker] w.s.c.ServletWebServerApplicationContext : Root WebApplicationContext: initialization completed in 1505 ms
2021-10-17 12:16:34.312  INFO 12508 --- [    Test worker] o.s.s.concurrent.ThreadPoolTaskExecutor  : Initializing ExecutorService 'applicationTaskExecutor'
2021-10-17 12:16:34.571  INFO 12508 --- [    Test worker] o.s.b.a.e.web.EndpointLinksResolver      : Exposing 14 endpoint(s) beneath base path '/actuator'
2021-10-17 12:16:34.612  INFO 12508 --- [    Test worker] o.s.b.w.embedded.tomcat.TomcatWebServer  : Tomcat started on port(s): 28852 (http) with context path ''
2021-10-17 12:16:34.624  INFO 12508 --- [    Test worker] task.Main                                : Started Main in 2.488 seconds (JVM running for 3.44)
2021-10-17 12:16:34.958  INFO 12508 --- [io-28852-exec-1] o.a.c.c.C.[Tomcat].[localhost].[/]       : Initializing Spring DispatcherServlet 'dispatcherServlet'
2021-10-17 12:16:34.959  INFO 12508 --- [io-28852-exec-1] o.s.web.servlet.DispatcherServlet        : Initializing Servlet 'dispatcherServlet'
2021-10-17 12:16:34.966  INFO 12508 --- [io-28852-exec-1] o.s.web.servlet.DispatcherServlet        : Completed initialization in 6 ms
?[1;31m
Start test 2?[0m
?[1;31m
Start test 3?[0m
?[1;31m
Start test 4?[0m
?[1;31m
Start test 5?[0m
?[1;31m
Start test 6?[0m
?[1;31m
Start test 7?[0m
]]></system-out>
  <system-err><![CDATA[]]></system-err>
</testsuite>
